Using pre-set license
Built from '2020.3/staging' branch; Version is '2020.3.18f1 (a7d1c678663c) revision 10998214'; Using compiler version '192528614'; Build Type 'Release'
OS: 'Windows 10 Home; OS build 19043.1237; Version 2009; 64bit' Language: 'en' Physical Memory: 16166 MB
BatchMode: 1, IsHumanControllingUs: 0, StartBugReporterOnCrash: 0, Is64bit: 1, IsPro: 0

COMMAND LINE ARGUMENTS:
C:\Program Files\Unity\Hub\Editor\2020.3.18f1\Editor\Unity.exe
-adb2
-batchMode
-noUpm
-name
AssetImportWorker0
-projectPath
C:/Users/sonic/Documents/GitHub/The Maw (2021)
-logFile
Logs/AssetImportWorker0.log
-srvPort
51188
Successfully changed project path to: C:/Users/sonic/Documents/GitHub/The Maw (2021)
C:/Users/sonic/Documents/GitHub/The Maw (2021)
Using Asset Import Pipeline V2.
Refreshing native plugins compatible for Editor in 990.17 ms, found 11 plugins.
Preloading 1 native plugins for Editor in 0.91 ms.
Initialize engine version: 2020.3.18f1 (a7d1c678663c)
[Subsystems] Discovering subsystems at path C:/Program Files/Unity/Hub/Editor/2020.3.18f1/Editor/Data/Resources/UnitySubsystems
[Subsystems] Discovering subsystems at path C:/Users/sonic/Documents/GitHub/The Maw (2021)/Assets
GfxDevice: creating device client; threaded=0
Direct3D:
    Version:  Direct3D 11.0 [level 11.1]
    Renderer: NVIDIA GeForce RTX 2060 (ID=0x1f15)
    Vendor:   
    VRAM:     5980 MB
    Driver:   30.0.14.7212
Shader 'Oculus/OVRMRCameraFrameLit': fallback shader 'Alpha-Diffuse' not found
Initialize mono
Mono path[0] = 'C:/Program Files/Unity/Hub/Editor/2020.3.18f1/Editor/Data/Managed'
Mono path[1] = 'C:/Program Files/Unity/Hub/Editor/2020.3.18f1/Editor/Data/MonoBleedingEdge/lib/mono/unityjit'
Mono config path = 'C:/Program Files/Unity/Hub/Editor/2020.3.18f1/Editor/Data/MonoBleedingEdge/etc'
Using monoOptions --debugger-agent=transport=dt_socket,embedding=1,server=y,suspend=n,address=127.0.0.1:56724
Begin MonoManager ReloadAssembly
Registering precompiled unity dll's ...
Register platform support module: C:/Program Files/Unity/Hub/Editor/2020.3.18f1/Editor/Data/PlaybackEngines/WindowsStandaloneSupport/UnityEditor.WindowsStandalone.Extensions.dll
Registered in 0.002131 seconds.
Native extension for WindowsStandalone target not found
Refreshing native plugins compatible for Editor in 72.82 ms, found 11 plugins.
Preloading 1 native plugins for Editor in 0.07 ms.
Mono: successfully reloaded assembly
- Completed reload, in  2.594 seconds
Domain Reload Profiling:
	ReloadAssembly (2594ms)
		BeginReloadAssembly (80ms)
			ExecutionOrderSort (0ms)
			DisableScriptedObjects (0ms)
			BackupInstance (0ms)
			ReleaseScriptingObjects (0ms)
			CreateAndSetChildDomain (1ms)
		EndReloadAssembly (532ms)
			LoadAssemblies (76ms)
			RebuildTransferFunctionScriptingTraits (0ms)
			SetupTypeCache (170ms)
			ReleaseScriptCaches (0ms)
			RebuildScriptCaches (39ms)
			SetupLoadedEditorAssemblies (220ms)
				LogAssemblyErrors (0ms)
				InitializePlatformSupportModulesInManaged (6ms)
				SetLoadedEditorAssemblies (0ms)
				RefreshPlugins (73ms)
				BeforeProcessingInitializeOnLoad (19ms)
				ProcessInitializeOnLoadAttributes (85ms)
				ProcessInitializeOnLoadMethodAttributes (36ms)
				AfterProcessingInitializeOnLoad (0ms)
				EditorAssembliesLoaded (0ms)
			ExecutionOrderSort2 (0ms)
			AwakeInstancesAfterBackupRestoration (0ms)
Platform modules already initialized, skipping
Registering precompiled user dll's ...
Registered in 0.203735 seconds.
Begin MonoManager ReloadAssembly
Native extension for WindowsStandalone target not found
Refreshing native plugins compatible for Editor in 65.67 ms, found 11 plugins.
Preloading 1 native plugins for Editor in 0.07 ms.
[XR] OculusXRPlugin: registering subsystems
[XR] Unable to register display lifecyle provider: [1]
[XR] Oculus Input lifecycle provider registered.
[XR] Unable to register input lifecyle provider: [1]
[XR] OVRP version 1.60.0
Mono: successfully reloaded assembly
- Completed reload, in  1.317 seconds
Domain Reload Profiling:
	ReloadAssembly (1318ms)
		BeginReloadAssembly (178ms)
			ExecutionOrderSort (0ms)
			DisableScriptedObjects (6ms)
			BackupInstance (0ms)
			ReleaseScriptingObjects (0ms)
			CreateAndSetChildDomain (23ms)
		EndReloadAssembly (1065ms)
			LoadAssemblies (110ms)
			RebuildTransferFunctionScriptingTraits (0ms)
			SetupTypeCache (317ms)
			ReleaseScriptCaches (1ms)
			RebuildScriptCaches (57ms)
			SetupLoadedEditorAssemblies (450ms)
				LogAssemblyErrors (0ms)
				InitializePlatformSupportModulesInManaged (4ms)
				SetLoadedEditorAssemblies (0ms)
				RefreshPlugins (66ms)
				BeforeProcessingInitializeOnLoad (92ms)
				ProcessInitializeOnLoadAttributes (269ms)
				ProcessInitializeOnLoadMethodAttributes (12ms)
				AfterProcessingInitializeOnLoad (7ms)
				EditorAssembliesLoaded (0ms)
			ExecutionOrderSort2 (0ms)
			AwakeInstancesAfterBackupRestoration (7ms)
Platform modules already initialized, skipping
========================================================================
Worker process is ready to serve import requests
Shader 'Oculus/OVRMRCameraFrameLit': fallback shader 'Alpha-Diffuse' not found
Launched and connected shader compiler UnityShaderCompiler.exe after 0.07 seconds
Refreshing native plugins compatible for Editor in 0.92 ms, found 11 plugins.
Preloading 1 native plugins for Editor in 0.07 ms.
Unloading 2797 Unused Serialized files (Serialized files now loaded: 0)
System memory in use before: 122.6 MB.
System memory in use after: 122.8 MB.

Unloading 61 unused Assets to reduce memory usage. Loaded Objects now: 3219.
Total: 3.621600 ms (FindLiveObjects: 0.266300 ms CreateObjectMapping: 0.159800 ms MarkObjects: 3.110300 ms  DeleteObjects: 0.084600 ms)

AssetImportParameters requested are different than current active one (requested -> active):
  custom:framework-win-MediaFoundation: 216162199b28c13a410421893ffa2e32 -> 
  custom:video-decoder-ogg-theora: a1e56fd34408186e4bbccfd4996cb3dc -> 
  custom:container-muxer-webm: aa71ff27fc2769a1b78a27578f13a17b -> 
  custom:container-demuxer-webm: 4f35f7cbe854078d1ac9338744f61a02 -> 
  custom:container-demuxer-ogg: 62fdf1f143b41e24485cea50d1cbac27 -> 
  custom:video-encoder-webm-vp8: eb34c28f22e8b96e1ab97ce403110664 -> 
  custom:video-codec-MediaFoundation-h265: 746d11721c4dcdbdad8f713fa42b33f4 -> 
  custom:video-decoder-webm-vp8: 9c59270c3fd7afecdb556c50c9e8de78 -> 
  custom:audio-decoder-ogg-vorbis: bf7c407c2cedff20999df2af8eb42d56 -> 
  custom:audio-encoder-webm-vorbis: bf7c407c2cedff20999df2af8eb42d56 -> 
========================================================================
Received Import Request.
  path: Packages/com.unity.xr.interaction.toolkit/package.json
  artifactKey: Guid(fac9fb4ad804244e0911f21e340a3d5b) Importer(815301076,1909f56bfc062723c751e8b465ee728b)
Start importing Packages/com.unity.xr.interaction.toolkit/package.json using Guid(fac9fb4ad804244e0911f21e340a3d5b) Importer(815301076,1909f56bfc062723c751e8b465ee728b)  -> (artifact id: 'a79ca54627200274369dc9f52f9e74dc') in 0.045346 seconds 
  Import took 0.051833 seconds .

========================================================================
Received Prepare
Registering precompiled user dll's ...
Registered in 0.026330 seconds.
Begin MonoManager ReloadAssembly
Native extension for WindowsStandalone target not found
Refreshing native plugins compatible for Editor in 83.77 ms, found 11 plugins.
Preloading 1 native plugins for Editor in 0.08 ms.
Mono: successfully reloaded assembly
- Completed reload, in  1.344 seconds
Domain Reload Profiling:
	ReloadAssembly (1344ms)
		BeginReloadAssembly (140ms)
			ExecutionOrderSort (0ms)
			DisableScriptedObjects (5ms)
			BackupInstance (0ms)
			ReleaseScriptingObjects (0ms)
			CreateAndSetChildDomain (39ms)
		EndReloadAssembly (1137ms)
			LoadAssemblies (107ms)
			RebuildTransferFunctionScriptingTraits (0ms)
			SetupTypeCache (384ms)
			ReleaseScriptCaches (1ms)
			RebuildScriptCaches (43ms)
			SetupLoadedEditorAssemblies (424ms)
				LogAssemblyErrors (0ms)
				InitializePlatformSupportModulesInManaged (4ms)
				SetLoadedEditorAssemblies (0ms)
				RefreshPlugins (84ms)
				BeforeProcessingInitializeOnLoad (83ms)
				ProcessInitializeOnLoadAttributes (236ms)
				ProcessInitializeOnLoadMethodAttributes (10ms)
				AfterProcessingInitializeOnLoad (7ms)
				EditorAssembliesLoaded (0ms)
			ExecutionOrderSort2 (0ms)
			AwakeInstancesAfterBackupRestoration (10ms)
Platform modules already initialized, skipping
Shader 'Oculus/OVRMRCameraFrameLit': fallback shader 'Alpha-Diffuse' not found
Refreshing native plugins compatible for Editor in 1.19 ms, found 11 plugins.
Preloading 1 native plugins for Editor in 0.07 ms.
Unloading 3980 Unused Serialized files (Serialized files now loaded: 0)
System memory in use before: 169.2 MB.
System memory in use after: 164.9 MB.

Unloading 115 unused Assets to reduce memory usage. Loaded Objects now: 4418.
Total: 7.310100 ms (FindLiveObjects: 0.425000 ms CreateObjectMapping: 0.264200 ms MarkObjects: 4.230400 ms  DeleteObjects: 2.389200 ms)

AssetImportParameters requested are different than current active one (requested -> active):
  custom:framework-win-MediaFoundation: 216162199b28c13a410421893ffa2e32 -> 
  custom:video-decoder-ogg-theora: a1e56fd34408186e4bbccfd4996cb3dc -> 
  custom:container-muxer-webm: aa71ff27fc2769a1b78a27578f13a17b -> 
  custom:container-demuxer-webm: 4f35f7cbe854078d1ac9338744f61a02 -> 
  custom:container-demuxer-ogg: 62fdf1f143b41e24485cea50d1cbac27 -> 
  custom:video-encoder-webm-vp8: eb34c28f22e8b96e1ab97ce403110664 -> 
  custom:video-codec-MediaFoundation-h265: 746d11721c4dcdbdad8f713fa42b33f4 -> 
  custom:video-decoder-webm-vp8: 9c59270c3fd7afecdb556c50c9e8de78 -> 
  custom:audio-decoder-ogg-vorbis: bf7c407c2cedff20999df2af8eb42d56 -> 
  custom:audio-encoder-webm-vorbis: bf7c407c2cedff20999df2af8eb42d56 -> 
========================================================================
Received Import Request.
  Time since last request: 1289.447761 seconds.
  path: Assets/Maya Sucks.mb
  artifactKey: Guid(b0b328a62a5b33d459f13f2c8a22f931) Importer(815301076,1909f56bfc062723c751e8b465ee728b)
Start importing Assets/Maya Sucks.mb using Guid(b0b328a62a5b33d459f13f2c8a22f931) Importer(815301076,1909f56bfc062723c751e8b465ee728b)  -> (artifact id: 'df737bcad5289c3ae7e40bb10e86e63c') in 0.233864 seconds 
  Import took 0.242089 seconds .

========================================================================
Received Prepare
Registering precompiled user dll's ...
Registered in 0.011453 seconds.
Begin MonoManager ReloadAssembly
Native extension for WindowsStandalone target not found
Refreshing native plugins compatible for Editor in 1.17 ms, found 11 plugins.
Preloading 1 native plugins for Editor in 0.08 ms.
Mono: successfully reloaded assembly
- Completed reload, in  1.291 seconds
Domain Reload Profiling:
	ReloadAssembly (1292ms)
		BeginReloadAssembly (142ms)
			ExecutionOrderSort (0ms)
			DisableScriptedObjects (4ms)
			BackupInstance (0ms)
			ReleaseScriptingObjects (0ms)
			CreateAndSetChildDomain (45ms)
		EndReloadAssembly (1082ms)
			LoadAssemblies (108ms)
			RebuildTransferFunctionScriptingTraits (0ms)
			SetupTypeCache (382ms)
			ReleaseScriptCaches (1ms)
			RebuildScriptCaches (54ms)
			SetupLoadedEditorAssemblies (397ms)
				LogAssemblyErrors (0ms)
				InitializePlatformSupportModulesInManaged (4ms)
				SetLoadedEditorAssemblies (0ms)
				RefreshPlugins (1ms)
				BeforeProcessingInitializeOnLoad (110ms)
				ProcessInitializeOnLoadAttributes (264ms)
				ProcessInitializeOnLoadMethodAttributes (10ms)
				AfterProcessingInitializeOnLoad (7ms)
				EditorAssembliesLoaded (0ms)
			ExecutionOrderSort2 (0ms)
			AwakeInstancesAfterBackupRestoration (9ms)
Platform modules already initialized, skipping
Shader 'Oculus/OVRMRCameraFrameLit': fallback shader 'Alpha-Diffuse' not found
Refreshing native plugins compatible for Editor in 1.16 ms, found 11 plugins.
Preloading 1 native plugins for Editor in 0.07 ms.
Unloading 3980 Unused Serialized files (Serialized files now loaded: 0)
System memory in use before: 172.7 MB.
System memory in use after: 168.4 MB.

Unloading 111 unused Assets to reduce memory usage. Loaded Objects now: 4464.
Total: 7.169300 ms (FindLiveObjects: 0.426100 ms CreateObjectMapping: 0.262800 ms MarkObjects: 4.079000 ms  DeleteObjects: 2.400400 ms)

AssetImportParameters requested are different than current active one (requested -> active):
  custom:framework-win-MediaFoundation: 216162199b28c13a410421893ffa2e32 -> 
  custom:video-decoder-ogg-theora: a1e56fd34408186e4bbccfd4996cb3dc -> 
  custom:container-muxer-webm: aa71ff27fc2769a1b78a27578f13a17b -> 
  custom:container-demuxer-webm: 4f35f7cbe854078d1ac9338744f61a02 -> 
  custom:container-demuxer-ogg: 62fdf1f143b41e24485cea50d1cbac27 -> 
  custom:video-encoder-webm-vp8: eb34c28f22e8b96e1ab97ce403110664 -> 
  custom:video-codec-MediaFoundation-h265: 746d11721c4dcdbdad8f713fa42b33f4 -> 
  custom:video-decoder-webm-vp8: 9c59270c3fd7afecdb556c50c9e8de78 -> 
  custom:audio-decoder-ogg-vorbis: bf7c407c2cedff20999df2af8eb42d56 -> 
  custom:audio-encoder-webm-vorbis: bf7c407c2cedff20999df2af8eb42d56 -> 
========================================================================
Received Import Request.
  Time since last request: 631.256337 seconds.
  path: Assets/Oculus/Spatializer/scenes/sounds/360 Workstation Ambisonic Panning AmbiX.wav
  artifactKey: Guid(1340d7fb0cd1bfb4caa3b3270cb2ea5f) Importer(815301076,1909f56bfc062723c751e8b465ee728b)
Start importing Assets/Oculus/Spatializer/scenes/sounds/360 Workstation Ambisonic Panning AmbiX.wav using Guid(1340d7fb0cd1bfb4caa3b3270cb2ea5f) Importer(815301076,1909f56bfc062723c751e8b465ee728b)  -> (artifact id: '76508b3b5a1e5094c1e2908db4aa7e77') in 0.177875 seconds 
  Import took 0.186121 seconds .

========================================================================
Received Import Request.
  Time since last request: 0.000205 seconds.
  path: Assets/Oculus/SampleFramework/Core/DebugUI/Prefabs/DebugTextField.prefab
  artifactKey: Guid(1af14ae596d9eeb4b8e4bd30a6c22ad3) Importer(815301076,1909f56bfc062723c751e8b465ee728b)
Start importing Assets/Oculus/SampleFramework/Core/DebugUI/Prefabs/DebugTextField.prefab using Guid(1af14ae596d9eeb4b8e4bd30a6c22ad3) Importer(815301076,1909f56bfc062723c751e8b465ee728b)  -> (artifact id: '5b28f42e95eb349923890c134cfb6701') in 0.054473 seconds 
  Import took 0.061362 seconds .

========================================================================
Received Import Request.
  Time since last request: 0.000202 seconds.
  path: Assets/Oculus/Platform/Samples/VrHoops/Prefabs/FlyText.prefab
  artifactKey: Guid(bb4775eb616604e329b92c1b4dfbaa5f) Importer(815301076,1909f56bfc062723c751e8b465ee728b)
Start importing Assets/Oculus/Platform/Samples/VrHoops/Prefabs/FlyText.prefab using Guid(bb4775eb616604e329b92c1b4dfbaa5f) Importer(815301076,1909f56bfc062723c751e8b465ee728b)  -> (artifact id: '84b82b44dd8f71b50c085af3046926c1') in 0.015251 seconds 
  Import took 0.023356 seconds .

========================================================================
Received Import Request.
  Time since last request: 0.000199 seconds.
  path: Assets/Oculus/SampleFramework/Core/DebugUI/Fonts/Montserrat/Montserrat-LightItalic.ttf
  artifactKey: Guid(d30609de8a17cfb409c74b4302ca60e3) Importer(815301076,1909f56bfc062723c751e8b465ee728b)
Start importing Assets/Oculus/SampleFramework/Core/DebugUI/Fonts/Montserrat/Montserrat-LightItalic.ttf using Guid(d30609de8a17cfb409c74b4302ca60e3) Importer(815301076,1909f56bfc062723c751e8b465ee728b)  -> (artifact id: 'f1c5d80131eae646ccf8f148e1e2c747') in 0.083000 seconds 
  Import took 0.090386 seconds .

========================================================================
Received Import Request.
  Time since last request: 0.000226 seconds.
  path: Assets/Oculus/SampleFramework/Core/CustomHands/Animations/l_hand_relax_mid_fist_anim.fbx
  artifactKey: Guid(ce6184a26b41c254ea24a5968f59d34e) Importer(815301076,1909f56bfc062723c751e8b465ee728b)
Start importing Assets/Oculus/SampleFramework/Core/CustomHands/Animations/l_hand_relax_mid_fist_anim.fbx using Guid(ce6184a26b41c254ea24a5968f59d34e) Importer(815301076,1909f56bfc062723c751e8b465ee728b)  -> (artifact id: 'a727145cc149a9560a700b793ed11080') in 0.033241 seconds 
  Import took 0.040940 seconds .

========================================================================
Received Import Request.
  Time since last request: 0.000276 seconds.
  path: Assets/Oculus/SampleFramework/Core/DebugUI/Fonts/Montserrat/Montserrat-Light.ttf
  artifactKey: Guid(4c90d3c4d98a33647872e06a6f654f9f) Importer(815301076,1909f56bfc062723c751e8b465ee728b)
Start importing Assets/Oculus/SampleFramework/Core/DebugUI/Fonts/Montserrat/Montserrat-Light.ttf using Guid(4c90d3c4d98a33647872e06a6f654f9f) Importer(815301076,1909f56bfc062723c751e8b465ee728b)  -> (artifact id: '86c071e4a65f11d908b155fa2d139990') in 0.027952 seconds 
  Import took 0.038708 seconds .

========================================================================
Received Import Request.
  Time since last request: 0.000290 seconds.
  path: Assets/Oculus/SampleFramework/Core/TouchControllers/Models/left_touch_controller_model_skel.fbx
  artifactKey: Guid(1bf8f52eeebe8e149b9d6e3477251532) Importer(815301076,1909f56bfc062723c751e8b465ee728b)
Start importing Assets/Oculus/SampleFramework/Core/TouchControllers/Models/left_touch_controller_model_skel.fbx using Guid(1bf8f52eeebe8e149b9d6e3477251532) Importer(815301076,1909f56bfc062723c751e8b465ee728b)  -> (artifact id: '89b9f0769c1e936b8fff619f1b85b8fa') in 0.174757 seconds 
  Import took 0.183290 seconds .

========================================================================
Received Import Request.
  Time since last request: 0.000232 seconds.
  path: Assets/Oculus/LipSync/Prefabs/LipSyncTextureFlipTarget_Robot.prefab
  artifactKey: Guid(8dc55266323c0ad439967b2975af7840) Importer(815301076,1909f56bfc062723c751e8b465ee728b)
Start importing Assets/Oculus/LipSync/Prefabs/LipSyncTextureFlipTarget_Robot.prefab using Guid(8dc55266323c0ad439967b2975af7840) Importer(815301076,1909f56bfc062723c751e8b465ee728b)  -> (artifact id: '3421a843c4b55b0137554d7ae84d6fbb') in 0.700035 seconds 
  Import took 0.712186 seconds .

========================================================================
Received Import Request.
  Time since last request: 0.000292 seconds.
  path: Assets/Oculus/SampleFramework/Usage/Locomotion/Models/Cube_1x1.fbx
  artifactKey: Guid(f05f2734ffbf9414ba58a734f87730bd) Importer(815301076,1909f56bfc062723c751e8b465ee728b)
Start importing Assets/Oculus/SampleFramework/Usage/Locomotion/Models/Cube_1x1.fbx using Guid(f05f2734ffbf9414ba58a734f87730bd) Importer(815301076,1909f56bfc062723c751e8b465ee728b)  -> (artifact id: 'df89c681872df895343d8885cafb2f02') in 0.056085 seconds 
  Import took 0.067408 seconds .

========================================================================
Received Import Request.
  Time since last request: 0.000387 seconds.
  path: Assets/Oculus/SampleFramework/Usage/HandsTrainExample/Materials/ControllerBoxButtons.mat
  artifactKey: Guid(b3244fa82a3c4c748a0faa4e84afa36f) Importer(815301076,1909f56bfc062723c751e8b465ee728b)
Start importing Assets/Oculus/SampleFramework/Usage/HandsTrainExample/Materials/ControllerBoxButtons.mat using Guid(b3244fa82a3c4c748a0faa4e84afa36f) Importer(815301076,1909f56bfc062723c751e8b465ee728b)  -> (artifact id: '9c195a10ab1546d9474e8e7b1fc21caa') in 0.236112 seconds 
  Import took 0.243254 seconds .

========================================================================
Received Import Request.
  Time since last request: 0.000200 seconds.
  path: Assets/Oculus/VR/Textures/cube_texture.png
  artifactKey: Guid(020d1a102a7f2a14ebf6cefe7b977303) Importer(815301076,1909f56bfc062723c751e8b465ee728b)
Start importing Assets/Oculus/VR/Textures/cube_texture.png using Guid(020d1a102a7f2a14ebf6cefe7b977303) Importer(815301076,1909f56bfc062723c751e8b465ee728b)  -> (artifact id: 'b7740fae5f1edc9ab7002af57b946090') in 0.035053 seconds 
  Import took 0.041824 seconds .

========================================================================
Received Import Request.
  Time since last request: 0.000214 seconds.
  path: Assets/Oculus/SampleFramework/Usage/HandsTrainExample/Textures/grid_10x10_v4.png
  artifactKey: Guid(f2660f35c6546224e87dd8e9822a3531) Importer(815301076,1909f56bfc062723c751e8b465ee728b)
Start importing Assets/Oculus/SampleFramework/Usage/HandsTrainExample/Textures/grid_10x10_v4.png using Guid(f2660f35c6546224e87dd8e9822a3531) Importer(815301076,1909f56bfc062723c751e8b465ee728b)  -> (artifact id: '1487d42d1a8ae66448e7cb63aef981ef') in 0.022098 seconds 
  Import took 0.028518 seconds .

========================================================================
Received Import Request.
  Time since last request: 0.000203 seconds.
  path: Assets/Oculus/SampleFramework/Usage/Locomotion/Models/Cube_1x4.fbx
  artifactKey: Guid(24da116da1bdc42f9baa1d364abfbf73) Importer(815301076,1909f56bfc062723c751e8b465ee728b)
Start importing Assets/Oculus/SampleFramework/Usage/Locomotion/Models/Cube_1x4.fbx using Guid(24da116da1bdc42f9baa1d364abfbf73) Importer(815301076,1909f56bfc062723c751e8b465ee728b)  -> (artifact id: 'a4081cefc775461d20cd3d143bfd8492') in 0.026662 seconds 
  Import took 0.033286 seconds .

========================================================================
Received Import Request.
  Time since last request: 0.000205 seconds.
  path: Assets/Oculus/SampleFramework/Usage/AppDeeplink/UI/DebugTextField.prefab
  artifactKey: Guid(ad318b8a60c4f774cbbf0d9e4d4fcca9) Importer(815301076,1909f56bfc062723c751e8b465ee728b)
Start importing Assets/Oculus/SampleFramework/Usage/AppDeeplink/UI/DebugTextField.prefab using Guid(ad318b8a60c4f774cbbf0d9e4d4fcca9) Importer(815301076,1909f56bfc062723c751e8b465ee728b)  -> (artifact id: 'aaefb7bea949857df9ac2397119a2136') in 0.007565 seconds 
  Import took 0.014039 seconds .

========================================================================
Received Import Request.
  Time since last request: 0.000205 seconds.
  path: Assets/Oculus/SampleFramework/Core/DebugUI/Fonts/Montserrat/Montserrat-Bold.ttf
  artifactKey: Guid(7e89e80fce8fc06478c726f2f3de7863) Importer(815301076,1909f56bfc062723c751e8b465ee728b)
Start importing Assets/Oculus/SampleFramework/Core/DebugUI/Fonts/Montserrat/Montserrat-Bold.ttf using Guid(7e89e80fce8fc06478c726f2f3de7863) Importer(815301076,1909f56bfc062723c751e8b465ee728b)  -> (artifact id: 'ca7e8a1d10c10a86e2bbfe9822d3b457') in 0.021090 seconds 
  Import took 0.027797 seconds .

========================================================================
Received Import Request.
  Time since last request: 0.000206 seconds.
  path: Assets/Oculus/SampleFramework/Usage/DistanceGrab/Materials/CubeTex.png
  artifactKey: Guid(da225b0c7f6a4e04899586c942121e17) Importer(815301076,1909f56bfc062723c751e8b465ee728b)
Start importing Assets/Oculus/SampleFramework/Usage/DistanceGrab/Materials/CubeTex.png using Guid(da225b0c7f6a4e04899586c942121e17) Importer(815301076,1909f56bfc062723c751e8b465ee728b)  -> (artifact id: '57d106dfe6641eba9caec9d64d0502c4') in 0.028107 seconds 
  Import took 0.035293 seconds .

========================================================================
Received Import Request.
  Time since last request: 0.000216 seconds.
  path: Assets/Oculus/SampleFramework/Core/DebugUI/Fonts/Montserrat/Montserrat-MediumItalic.ttf
  artifactKey: Guid(53b4534908f8f324d8ffe0fc5fa5a31f) Importer(815301076,1909f56bfc062723c751e8b465ee728b)
Start importing Assets/Oculus/SampleFramework/Core/DebugUI/Fonts/Montserrat/Montserrat-MediumItalic.ttf using Guid(53b4534908f8f324d8ffe0fc5fa5a31f) Importer(815301076,1909f56bfc062723c751e8b465ee728b)  -> (artifact id: '8045d74540b61e904ff22c97b83fa360') in 0.023355 seconds 
  Import took 0.030858 seconds .

========================================================================
Received Import Request.
  Time since last request: 0.000193 seconds.
  path: Assets/Oculus/SampleFramework/Usage/HandsTrainExample/Materials/ControllerBoxGlow.mat
  artifactKey: Guid(a439cfb9369c1404d9db2e5580667b14) Importer(815301076,1909f56bfc062723c751e8b465ee728b)
Start importing Assets/Oculus/SampleFramework/Usage/HandsTrainExample/Materials/ControllerBoxGlow.mat using Guid(a439cfb9369c1404d9db2e5580667b14) Importer(815301076,1909f56bfc062723c751e8b465ee728b)  -> (artifact id: '65fea4695fec14cd6c0b806adee13291') in 0.025085 seconds 
  Import took 0.031505 seconds .

========================================================================
Received Import Request.
  Time since last request: 0.000189 seconds.
  path: Assets/Oculus/Platform/Samples/VrHoops/Prefabs/LeaderboardText.prefab
  artifactKey: Guid(09fc1e67c860e68488d20df60c04cb2a) Importer(815301076,1909f56bfc062723c751e8b465ee728b)
Start importing Assets/Oculus/Platform/Samples/VrHoops/Prefabs/LeaderboardText.prefab using Guid(09fc1e67c860e68488d20df60c04cb2a) Importer(815301076,1909f56bfc062723c751e8b465ee728b)  -> (artifact id: '851ce9b6c0110ce08e1d8ed1ece71e7c') in 0.010322 seconds 
  Import took 0.016353 seconds .

========================================================================
Received Import Request.
  Time since last request: 0.000187 seconds.
  path: Assets/Oculus/SampleFramework/Usage/HandsTrainExample/Materials/ControllerBox.mat
  artifactKey: Guid(520a8c6c6d409b44d921cd1e654d1807) Importer(815301076,1909f56bfc062723c751e8b465ee728b)
Start importing Assets/Oculus/SampleFramework/Usage/HandsTrainExample/Materials/ControllerBox.mat using Guid(520a8c6c6d409b44d921cd1e654d1807) Importer(815301076,1909f56bfc062723c751e8b465ee728b)  -> (artifact id: 'daa09211978a428d1065f2954703c76e') in 0.026303 seconds 
  Import took 0.032765 seconds .

========================================================================
Received Import Request.
  Time since last request: 0.000208 seconds.
  path: Assets/Oculus/SampleFramework/Usage/HandsTrainExample/Models/TrainPalette.FBX
  artifactKey: Guid(bd0bb729cb6159b4ab21c5f62cad24ee) Importer(815301076,1909f56bfc062723c751e8b465ee728b)
Start importing Assets/Oculus/SampleFramework/Usage/HandsTrainExample/Models/TrainPalette.FBX using Guid(bd0bb729cb6159b4ab21c5f62cad24ee) Importer(815301076,1909f56bfc062723c751e8b465ee728b)  -> (artifact id: 'c2c481bf77bcc14ea632ff89bb7b8f92') in 1.594084 seconds 
  Import took 1.603575 seconds .

========================================================================
Received Import Request.
  Time since last request: 0.000237 seconds.
  path: Assets/Oculus/SampleFramework/Core/CustomHands/Animations/l_hand_cap_touch_index_mask_anim.fbx
  artifactKey: Guid(8f30ac6cbbbe39d43886ad7626f7e2b2) Importer(815301076,1909f56bfc062723c751e8b465ee728b)
Start importing Assets/Oculus/SampleFramework/Core/CustomHands/Animations/l_hand_cap_touch_index_mask_anim.fbx using Guid(8f30ac6cbbbe39d43886ad7626f7e2b2) Importer(815301076,1909f56bfc062723c751e8b465ee728b)  -> (artifact id: '606b24c14e634eefa1cc4435ea13bb8e') in 0.022271 seconds 
  Import took 0.031421 seconds .

========================================================================
Received Import Request.
  Time since last request: 0.000263 seconds.
  path: Assets/Oculus/SampleFramework/Core/DebugUI/Fonts/Montserrat/Montserrat-BoldItalic.ttf
  artifactKey: Guid(440e99598766dbd40a4d8bc01445b5ca) Importer(815301076,1909f56bfc062723c751e8b465ee728b)
Start importing Assets/Oculus/SampleFramework/Core/DebugUI/Fonts/Montserrat/Montserrat-BoldItalic.ttf using Guid(440e99598766dbd40a4d8bc01445b5ca) Importer(815301076,1909f56bfc062723c751e8b465ee728b)  -> (artifact id: '13b4b6958884d4104f94f86839e6df76') in 0.031248 seconds 
  Import took 0.040895 seconds .

========================================================================
Received Import Request.
  Time since last request: 0.000255 seconds.
  path: Assets/Oculus/SampleFramework/Usage/SharedAssets/Textures/CubeTex.png
  artifactKey: Guid(3e3e0ea18d891114cb286c873e03af91) Importer(815301076,1909f56bfc062723c751e8b465ee728b)
Start importing Assets/Oculus/SampleFramework/Usage/SharedAssets/Textures/CubeTex.png using Guid(3e3e0ea18d891114cb286c873e03af91) Importer(815301076,1909f56bfc062723c751e8b465ee728b)  -> (artifact id: '1375d3d1867100e778f80c9595526d80') in 0.022848 seconds 
  Import took 0.033087 seconds .

========================================================================
Received Import Request.
  Time since last request: 0.000292 seconds.
  path: Assets/Oculus/SampleFramework/Usage/HandsTrainExample/Models/ControllerBox.FBX
  artifactKey: Guid(6ea491f82329b774d8b8af4a409d8d03) Importer(815301076,1909f56bfc062723c751e8b465ee728b)
Start importing Assets/Oculus/SampleFramework/Usage/HandsTrainExample/Models/ControllerBox.FBX using Guid(6ea491f82329b774d8b8af4a409d8d03) Importer(815301076,1909f56bfc062723c751e8b465ee728b)  -> (artifact id: 'a07c25c6575e4f42283bd5e5e38c819e') in 0.419436 seconds 
  Import took 0.427694 seconds .

========================================================================
Received Import Request.
  Time since last request: 0.000251 seconds.
  path: Assets/Oculus/SampleFramework/Core/CustomHands/Animations/l_hand_relax_3qtr_fist_anim.fbx
  artifactKey: Guid(79e0d96a3e30fec46a930ab7dd95ef5f) Importer(815301076,1909f56bfc062723c751e8b465ee728b)
Start importing Assets/Oculus/SampleFramework/Core/CustomHands/Animations/l_hand_relax_3qtr_fist_anim.fbx using Guid(79e0d96a3e30fec46a930ab7dd95ef5f) Importer(815301076,1909f56bfc062723c751e8b465ee728b)  -> (artifact id: '084ad3dfa98e6145caae18cbad5c6f5d') in 0.023081 seconds 
  Import took 0.031248 seconds .

========================================================================
Received Import Request.
  Time since last request: 0.000435 seconds.
  path: Assets/Oculus/SampleFramework/Core/DebugUI/Fonts/Montserrat/Montserrat-Medium.ttf
  artifactKey: Guid(6921a454aa104cf47a67f59c64acaa17) Importer(815301076,1909f56bfc062723c751e8b465ee728b)
Start importing Assets/Oculus/SampleFramework/Core/DebugUI/Fonts/Montserrat/Montserrat-Medium.ttf using Guid(6921a454aa104cf47a67f59c64acaa17) Importer(815301076,1909f56bfc062723c751e8b465ee728b)  -> (artifact id: '21b4b6552b5abf514184919b550560e0') in 0.027797 seconds 
  Import took 0.038984 seconds .

========================================================================
Received Import Request.
  Time since last request: 2.364861 seconds.
  path: Assets/XR/Loaders/Open XR Loader.asset
  artifactKey: Guid(392219dad967d2041b6656853a507cfd) Importer(815301076,1909f56bfc062723c751e8b465ee728b)
Start importing Assets/XR/Loaders/Open XR Loader.asset using Guid(392219dad967d2041b6656853a507cfd) Importer(815301076,1909f56bfc062723c751e8b465ee728b) [XR] Error loading subsystem: Display (1) (header mismatch?)
 -> (artifact id: '367b3f433360ec7c8fefb643340a1dbb') in 0.016230 seconds 
  Import took 0.023885 seconds .

========================================================================
Received Import Request.
  Time since last request: 0.000238 seconds.
  path: Assets/XR/Loaders/Open XR Loader No Pre Init.asset
  artifactKey: Guid(cb326bbfec1172149b12549d746ccaf5) Importer(815301076,1909f56bfc062723c751e8b465ee728b)
Start importing Assets/XR/Loaders/Open XR Loader No Pre Init.asset using Guid(cb326bbfec1172149b12549d746ccaf5) Importer(815301076,1909f56bfc062723c751e8b465ee728b)  -> (artifact id: '1e0a75dabbe1ca78ed4bc73241372a90') in 0.010512 seconds 
  Import took 0.019313 seconds .

========================================================================
Received Import Request.
  Time since last request: 0.000266 seconds.
  path: Assets/XR/Settings/OpenXR Editor Settings.asset
  artifactKey: Guid(2c5013f673831f24baa3d8a2a4e9c391) Importer(815301076,1909f56bfc062723c751e8b465ee728b)
Start importing Assets/XR/Settings/OpenXR Editor Settings.asset using Guid(2c5013f673831f24baa3d8a2a4e9c391) Importer(815301076,1909f56bfc062723c751e8b465ee728b)  -> (artifact id: '7fe3de27fffdff470562f77c745209a8') in 0.013415 seconds 
  Import took 0.025370 seconds .

========================================================================
Received Import Request.
  Time since last request: 0.000298 seconds.
  path: Assets/XR/Loaders/Open XR Loader No Pre Init.asset
  artifactKey: Guid(cb326bbfec1172149b12549d746ccaf5) Importer(815301076,1909f56bfc062723c751e8b465ee728b)
Start importing Assets/XR/Loaders/Open XR Loader No Pre Init.asset using Guid(cb326bbfec1172149b12549d746ccaf5) Importer(815301076,1909f56bfc062723c751e8b465ee728b)  -> (artifact id: '1e0a75dabbe1ca78ed4bc73241372a90') in 0.004152 seconds 
  Import took 0.012602 seconds .

========================================================================
Received Import Request.
  Time since last request: 0.000355 seconds.
  path: Assets/XR/XRGeneralSettings.asset
  artifactKey: Guid(bfc1d31f1e593ef4299fd8f6bb0122f2) Importer(815301076,1909f56bfc062723c751e8b465ee728b)
Start importing Assets/XR/XRGeneralSettings.asset using Guid(bfc1d31f1e593ef4299fd8f6bb0122f2) Importer(815301076,1909f56bfc062723c751e8b465ee728b)  -> (artifact id: 'cb60649e42123e2bd95d6876201f9e50') in 0.026752 seconds 
  Import took 0.036626 seconds .

========================================================================
Received Import Request.
  Time since last request: 0.000300 seconds.
  path: Assets/XR/Settings/OpenXR Editor Settings.asset
  artifactKey: Guid(2c5013f673831f24baa3d8a2a4e9c391) Importer(815301076,1909f56bfc062723c751e8b465ee728b)
Start importing Assets/XR/Settings/OpenXR Editor Settings.asset using Guid(2c5013f673831f24baa3d8a2a4e9c391) Importer(815301076,1909f56bfc062723c751e8b465ee728b)  -> (artifact id: '7fe3de27fffdff470562f77c745209a8') in 0.004427 seconds 
  Import took 0.014462 seconds .

========================================================================
Received Import Request.
  Time since last request: 0.000260 seconds.
  path: Assets/XR/Loaders/Open XR Loader.asset
  artifactKey: Guid(392219dad967d2041b6656853a507cfd) Importer(815301076,1909f56bfc062723c751e8b465ee728b)
Start importing Assets/XR/Loaders/Open XR Loader.asset using Guid(392219dad967d2041b6656853a507cfd) Importer(815301076,1909f56bfc062723c751e8b465ee728b)  -> (artifact id: '367b3f433360ec7c8fefb643340a1dbb') in 0.004538 seconds 
  Import took 0.015654 seconds .

========================================================================
Received Import Request.
  Time since last request: 13.881968 seconds.
  path: Packages/com.unity.xr.legacyinputhelpers/Editor/SeedXRInputBindings
  artifactKey: Guid(b9305ba4c18ed014ca21b12059ff734a) Importer(815301076,1909f56bfc062723c751e8b465ee728b)
Start importing Packages/com.unity.xr.legacyinputhelpers/Editor/SeedXRInputBindings using Guid(b9305ba4c18ed014ca21b12059ff734a) Importer(815301076,1909f56bfc062723c751e8b465ee728b)  -> (artifact id: '3fb1a3fe33bb52670afee2459f199efd') in 0.008050 seconds 
  Import took 0.015868 seconds .

========================================================================
Received Import Request.
  Time since last request: 68.514867 seconds.
  path: Assets/Oculus/VR/Prefabs/OVRControllerPrefab.prefab
  artifactKey: Guid(d9809c5e8418bb047bf2c8ba1d1a2cec) Importer(815301076,1909f56bfc062723c751e8b465ee728b)
Start importing Assets/Oculus/VR/Prefabs/OVRControllerPrefab.prefab using Guid(d9809c5e8418bb047bf2c8ba1d1a2cec) Importer(815301076,1909f56bfc062723c751e8b465ee728b)  -> (artifact id: '693845b36b6b9d68182b2eb28e99500b') in 0.194176 seconds 
  Import took 0.203305 seconds .

========================================================================
Received Import Request.
  Time since last request: 0.000331 seconds.
  path: Assets/Oculus/VR/Prefabs/OVRCustomHandPrefab_R.prefab
  artifactKey: Guid(e201a24a09e942042b93390d0444d728) Importer(815301076,1909f56bfc062723c751e8b465ee728b)
Start importing Assets/Oculus/VR/Prefabs/OVRCustomHandPrefab_R.prefab using Guid(e201a24a09e942042b93390d0444d728) Importer(815301076,1909f56bfc062723c751e8b465ee728b)  -> (artifact id: 'f281d04a5732a0079461f63f7db0f2fc') in 0.033166 seconds 
  Import took 0.040460 seconds .

========================================================================
Received Import Request.
  Time since last request: 0.000331 seconds.
  path: Assets/Oculus/VR/Prefabs/OVRCubemapCaptureProbe.prefab
  artifactKey: Guid(7a400e96d4650ff4e827a7e727fad81d) Importer(815301076,1909f56bfc062723c751e8b465ee728b)
Start importing Assets/Oculus/VR/Prefabs/OVRCubemapCaptureProbe.prefab using Guid(7a400e96d4650ff4e827a7e727fad81d) Importer(815301076,1909f56bfc062723c751e8b465ee728b)  -> (artifact id: '6bbc7b3ed15fbdf65e4ea5356a24c260') in 0.013277 seconds 
  Import took 0.020411 seconds .

========================================================================
Received Import Request.
  Time since last request: 0.000325 seconds.
  path: Assets/Oculus/SampleFramework/Usage/OVROverlay/Textures/OVRDisplayCompositorLayerText.png
  artifactKey: Guid(24e7dc2f4ba252f4684f3c7870f343d0) Importer(815301076,1909f56bfc062723c751e8b465ee728b)
Start importing Assets/Oculus/SampleFramework/Usage/OVROverlay/Textures/OVRDisplayCompositorLayerText.png using Guid(24e7dc2f4ba252f4684f3c7870f343d0) Importer(815301076,1909f56bfc062723c751e8b465ee728b)  -> (artifact id: 'c18baf7fff7cc3ad3289cbf33247739f') in 0.037821 seconds 
  Import took 0.045912 seconds .

========================================================================
Received Import Request.
  Time since last request: 0.000347 seconds.
  path: Assets/Oculus/SampleFramework/Usage/OVROverlay/Textures/OVRDisplayApplicationLayerText.png
  artifactKey: Guid(ddb5f7d8796b2c345bfe283cdc368c73) Importer(815301076,1909f56bfc062723c751e8b465ee728b)
Start importing Assets/Oculus/SampleFramework/Usage/OVROverlay/Textures/OVRDisplayApplicationLayerText.png using Guid(ddb5f7d8796b2c345bfe283cdc368c73) Importer(815301076,1909f56bfc062723c751e8b465ee728b)  -> (artifact id: 'ee18e7ee3742501e0554de400110d149') in 0.029163 seconds 
  Import took 0.036153 seconds .

========================================================================
Received Import Request.
  Time since last request: 0.000347 seconds.
  path: Assets/Oculus/VR/Prefabs/OVRCustomHandPrefab_L.prefab
  artifactKey: Guid(c6a74181d4000004887343fb87b3c53a) Importer(815301076,1909f56bfc062723c751e8b465ee728b)
Start importing Assets/Oculus/VR/Prefabs/OVRCustomHandPrefab_L.prefab using Guid(c6a74181d4000004887343fb87b3c53a) Importer(815301076,1909f56bfc062723c751e8b465ee728b)  -> (artifact id: '934c3d6d9c6477aad28162f7fb80d83c') in 0.024154 seconds 
  Import took 0.032657 seconds .

AssetImportWorkerClient::OnTransportError - code=2 error=End of file
